* using log directory ‘/scratch/st-kdkortha-1/nshen7/vmrseq/vmrseq-package/vmrseq/vmrseq.Rcheck’
* using R version 4.3.0 (2023-04-21)
* using platform: x86_64-pc-linux-gnu (64-bit)
* R was compiled by
    gcc (Ubuntu 11.3.0-1ubuntu1~22.04) 11.3.0
    GNU Fortran (Ubuntu 11.3.0-1ubuntu1~22.04) 11.3.0
* running under: Ubuntu 22.04.2 LTS
* using session charset: UTF-8
* using option ‘--no-manual’
* checking for file ‘vmrseq/DESCRIPTION’ ... OK
* checking extension type ... Package
* this is package ‘vmrseq’ version ‘0.99.0.9000’
* package encoding: UTF-8
* checking package namespace information ... OK
* checking package dependencies ... OK
* checking if this is a source package ... OK
* checking if there is a namespace ... OK
* checking for hidden files and directories ... OK
* checking for portable file names ... OK
* checking for sufficient/correct file permissions ... OK
* checking whether package ‘vmrseq’ can be installed ... OK
* checking installed package size ... OK
* checking package directory ... OK
* checking ‘build’ directory ... OK
* checking DESCRIPTION meta-information ... OK
* checking top-level files ... OK
* checking for left-over files ... OK
* checking index information ... OK
* checking package subdirectories ... OK
* checking R files for non-ASCII characters ... OK
* checking R files for syntax errors ... OK
* checking whether the package can be loaded ... OK
* checking whether the package can be loaded with stated dependencies ... OK
* checking whether the package can be unloaded cleanly ... OK
* checking whether the namespace can be loaded with stated dependencies ... OK
* checking whether the namespace can be unloaded cleanly ... OK
* checking loading without being on the library search path ... OK
* checking dependencies in R code ... OK
* checking S3 generic/method consistency ... OK
* checking replacement functions ... OK
* checking foreign function calls ... OK
* checking R code for possible problems ... NOTE
.computeProb1Unit : .computeLag: no visible binding for global variable
  ‘chr’
.computeProb1Unit : .computeLag: no visible binding for global variable
  ‘state’
.computeProb1Unit : .computeLag: no visible binding for global variable
  ‘state_lag’
.computeProb1Unit : .computeLag: no visible binding for global variable
  ‘dist_bp’
.computeProb1Unit: no visible binding for global variable ‘dist_bp’
.computeProb1Unit: no visible binding for global variable ‘N_00’
.computeProb1Unit: no visible binding for global variable ‘N_10’
.computeProb1Unit: no visible binding for global variable ‘N_01’
.computeProb1Unit: no visible binding for global variable ‘N_11’
.computeProb1Unit: no visible binding for global variable ‘p_00’
.computeProb1Unit: no visible binding for global variable ‘p_01’
.estimTransitProbsFromSummary: no visible binding for global variable
  ‘dist_bp’
.estimTransitProbsFromSummary: no visible binding for global variable
  ‘p_00’
.estimTransitProbsFromSummary: no visible binding for global variable
  ‘p_01’
.estimTransitProbsFromSummary: no visible binding for global variable
  ‘p_10’
.estimTransitProbsFromSummary: no visible binding for global variable
  ‘p_11’
.estimTransitProbsFromSummary : .selectCols: no visible binding for
  global variable ‘dist_bp’
HDF5NAdrop2matrix: no visible global function definition for ‘as’
computeVar : varByCluster: no visible global function definition for
  ‘as’
computeVarCutoff: no visible global function definition for ‘quantile’
extractInfo: no visible binding for global variable ‘meth’
extractInfo: no visible binding for global variable ‘total’
extractInfo: no visible binding for global variable ‘bool’
region.summary: no visible global function definition for ‘as’
tp.plot: no visible binding for global variable ‘dist_bp’
tp.plot: no visible binding for global variable ‘pbar’
tp.plot: no visible binding for global variable ‘phat’
vmrseq.fit: no visible binding for global variable ‘bpWindow’
Undefined global functions or variables:
  N_00 N_01 N_10 N_11 as bool bpWindow chr dist_bp meth p_00 p_01 p_10
  p_11 pbar phat quantile state state_lag total
Consider adding
  importFrom("methods", "as")
  importFrom("stats", "quantile")
to your NAMESPACE file (and ensure that your DESCRIPTION Imports field
contains 'methods').
* checking Rd files ... OK
* checking Rd metadata ... OK
* checking Rd cross-references ... OK
* checking for missing documentation entries ... OK
* checking for code/documentation mismatches ... OK
* checking Rd \usage sections ... OK
* checking Rd contents ... OK
* checking for unstated dependencies in examples ... OK
* checking contents of ‘data’ directory ... OK
* checking data for non-ASCII characters ... OK
* checking LazyData ... OK
* checking data for ASCII and uncompressed saves ... OK
* checking R/sysdata.rda ... OK
* checking installed files from ‘inst/doc’ ... OK
* checking files in ‘vignettes’ ... OK
* checking examples ... OK
* checking for unstated dependencies in ‘tests’ ... OK
* checking tests ... OK
  Running ‘testthat.R’
* checking for unstated dependencies in vignettes ... OK
* checking package vignettes in ‘inst/doc’ ... OK
* checking running R code from vignettes ... NONE
  ‘vmrseq-vignette.Rmd’ using ‘UTF-8’... OK
* checking re-building of vignette outputs ... OK
* DONE
Status: 1 NOTE
