* using log directory ‘/scratch/st-kdkortha-1/nshen7/vmrseq/vmrseq-package/vmrseq/..Rcheck’
* using R version 4.3.0 (2023-04-21)
* using platform: x86_64-pc-linux-gnu (64-bit)
* R was compiled by
    gcc (Ubuntu 11.3.0-1ubuntu1~22.04) 11.3.0
    GNU Fortran (Ubuntu 11.3.0-1ubuntu1~22.04) 11.3.0
* running under: Ubuntu 22.04.2 LTS
* using session charset: UTF-8
* checking for file ‘./DESCRIPTION’ ... OK
* checking extension type ... Package
* this is package ‘vmrseq’ version ‘0.99.0’
* package encoding: UTF-8
* checking package namespace information ... OK
* checking package dependencies ... OK
* checking if this is a source package ... OK
* checking if there is a namespace ... OK
* checking for hidden files and directories ... NOTE
Found the following hidden files and directories:
  .DS_Store
  .RData
  .Rhistory
  .Rproj.user/.DS_Store
  .Rproj.user/._.DS_Store
  .Rproj.user/D9A1F5D1/.DS_Store
  .Rproj.user/D9A1F5D1/._.DS_Store
  ._.DS_Store
  ._DESCRIPTION
  ._README.md
  .git/.DS_Store
  .git/._.DS_Store
  .git/objects/.DS_Store
  .git/objects/._.DS_Store
  .git/refs/.DS_Store
  .git/refs/._.DS_Store
  .github/.gitignore
  .gitignore
  R/.DS_Store
  R/._.DS_Store
  R/._data.pool.R
  R/._helper_functions.R
  R/._hmm_helper_functions.R
  R/._tp.estimate.R
  R/._vmrseq.R
  R/._vmrseq.fit.R
  R/._vmrseq.smooth.R
  data-raw/.DS_Store
  data-raw/._(deprecated)PARAMS.R
  data-raw/._.DS_Store
  data-raw/._PARAMS.R
  data-raw/._PARAMS.pbs
  data-raw/._default_transit_probs.png
  data-raw/._point_methPop_paramMu_vs_medCov_BBreg&mle.png
  data-raw/._point_methPop_paramSigma_vs_medCov_BBreg&mle.png
  data-raw/._point_unmeth_paramMu_vs_medCov_ZIBBreg&mle.png
  data-raw/._point_unmeth_paramNu_vs_medCov_ZIBBreg&mle.png
  data-raw/._point_unmeth_paramSigma_vs_medCov_ZIBBreg&mle.png
  data-raw/pbs_error_and_output/._PARAMS_pbs_error.txt
  data-raw/pbs_error_and_output/._transProb_pbs_error.txt
  data-raw/pbs_error_and_output/._transProb_pbs_output.txt
  data/.DS_Store
  data/._.DS_Store
  man/figures/.DS_Store
  man/figures/._.DS_Store
  man/figures/._method.png
  vignettes/.gitignore
  ..Rcheck
  .Rproj.user
  .git
  .github
These were most likely included in error. See section ‘Package
structure’ in the ‘Writing R Extensions’ manual.
* checking for portable file names ... OK
* checking for sufficient/correct file permissions ... OK
* checking whether package ‘vmrseq’ can be installed ... OK
* checking installed package size ... OK
* checking package directory ... OK
* checking DESCRIPTION meta-information ... NOTE
Checking should be performed on sources prepared by ‘R CMD build’.
* checking top-level files ... OK
* checking for left-over files ... OK
* checking index information ... OK
* checking package subdirectories ... WARNING
Found the following directory with the name of a check directory:
  ./..Rcheck
Most likely, these were included erroneously.
* checking R files for non-ASCII characters ... OK
* checking R files for syntax errors ... OK
* checking whether the package can be loaded ... OK
* checking whether the package can be loaded with stated dependencies ... OK
* checking whether the package can be unloaded cleanly ... OK
* checking whether the namespace can be loaded with stated dependencies ... OK
* checking whether the namespace can be unloaded cleanly ... OK
* checking loading without being on the library search path ... OK
* checking dependencies in R code ... OK
* checking S3 generic/method consistency ... OK
* checking replacement functions ... OK
* checking foreign function calls ... OK
* checking R code for possible problems ... NOTE
.computeProb1Unit : .computeLag: no visible binding for global variable
  ‘chr’
.computeProb1Unit : .computeLag: no visible binding for global variable
  ‘state’
.computeProb1Unit : .computeLag: no visible binding for global variable
  ‘state_lag’
.computeProb1Unit : .computeLag: no visible binding for global variable
  ‘dist_bp’
.computeProb1Unit: no visible binding for global variable ‘dist_bp’
.computeProb1Unit: no visible binding for global variable ‘N_00’
.computeProb1Unit: no visible binding for global variable ‘N_10’
.computeProb1Unit: no visible binding for global variable ‘N_01’
.computeProb1Unit: no visible binding for global variable ‘N_11’
.computeProb1Unit: no visible binding for global variable ‘p_00’
.computeProb1Unit: no visible binding for global variable ‘p_01’
.estimTransitProbsFromSummary: no visible binding for global variable
  ‘dist_bp’
.estimTransitProbsFromSummary: no visible binding for global variable
  ‘p_00’
.estimTransitProbsFromSummary: no visible binding for global variable
  ‘p_01’
.estimTransitProbsFromSummary: no visible binding for global variable
  ‘p_10’
.estimTransitProbsFromSummary: no visible binding for global variable
  ‘p_11’
.estimTransitProbsFromSummary : .selectCols: no visible binding for
  global variable ‘dist_bp’
HDF5NAdrop2matrix: no visible global function definition for ‘as’
computeVar : varByCluster: no visible global function definition for
  ‘as’
computeVarCutoff: no visible global function definition for ‘quantile’
extractInfo: no visible binding for global variable ‘meth’
extractInfo: no visible binding for global variable ‘total’
extractInfo: no visible binding for global variable ‘bool’
region.summary: no visible global function definition for ‘as’
tp.plot: no visible binding for global variable ‘dist_bp’
tp.plot: no visible binding for global variable ‘pbar’
tp.plot: no visible binding for global variable ‘phat’
vmrseq.fit: no visible binding for global variable ‘bpWindow’
Undefined global functions or variables:
  N_00 N_01 N_10 N_11 as bool bpWindow chr dist_bp meth p_00 p_01 p_10
  p_11 pbar phat quantile state state_lag total
Consider adding
  importFrom("methods", "as")
  importFrom("stats", "quantile")
to your NAMESPACE file (and ensure that your DESCRIPTION Imports field
contains 'methods').
* checking Rd files ... OK
* checking Rd metadata ... OK
* checking Rd cross-references ... OK
* checking for missing documentation entries ... OK
* checking for code/documentation mismatches ... OK
* checking Rd \usage sections ... OK
* checking Rd contents ... OK
* checking for unstated dependencies in examples ... OK
* checking contents of ‘data’ directory ... OK
* checking data for non-ASCII characters ... OK
* checking LazyData ... OK
* checking data for ASCII and uncompressed saves ... OK
* checking R/sysdata.rda ... OK
* checking files in ‘vignettes’ ... WARNING
Files in the 'vignettes' directory but no files in 'inst/doc':
  ‘vmrseq-vignette.Rmd’
* checking examples ... OK
* checking for unstated dependencies in ‘tests’ ... OK
* checking tests ... OK
  Running ‘testthat.R’
* checking for unstated dependencies in vignettes ... OK
* checking package vignettes in ‘inst/doc’ ... WARNING
Directory 'inst/doc' does not exist.
Package vignette without corresponding single PDF/HTML:
  ‘vmrseq-vignette.Rmd’
* checking running R code from vignettes ... NONE
  ‘vmrseq-vignette.Rmd’ using ‘UTF-8’... OK
* checking re-building of vignette outputs ... OK
* checking PDF version of manual ... WARNING
LaTeX errors when creating PDF version.
This typically indicates Rd problems.
* checking PDF version of manual without index ... ERROR
Re-running with no redirection of stdout/stderr.
* DONE
Status: 1 ERROR, 4 WARNINGs, 3 NOTEs
